<?xml version="1.0" encoding="UTF-8"?>
<testsuite name="net.marlais.core.service.JsonStorageServiceTest" tests="2" skipped="0" failures="0" errors="0" timestamp="2026-07-14T12:27:55.168Z" hostname="DESKTOP-TST5NLJ" time="0.204">
  <properties/>
  <testcase name="testLoadNonExistentPlayer()" classname="net.marlais.core.service.JsonStorageServiceTest" time="0.072"/>
  <testcase name="testSaveAndLoadPlayer()" classname="net.marlais.core.service.JsonStorageServiceTest" time="0.086"/>
  <system-out><![CDATA[]]></system-out>
  <system-err><![CDATA[]]></system-err>
</testsuite>
