<?xml version="1.0" encoding="UTF-8"?>
<testsuite name="net.marlais.core.event.EventBusTest" tests="2" skipped="0" failures="0" errors="0" timestamp="2026-07-14T12:27:53.462Z" hostname="DESKTOP-TST5NLJ" time="0.205">
  <properties/>
  <testcase name="testEventExecutionAndPriorityOrder()" classname="net.marlais.core.event.EventBusTest" time="0.012"/>
  <testcase name="testUnregisterListener()" classname="net.marlais.core.event.EventBusTest" time="0.184"/>
  <system-out><![CDATA[]]></system-out>
  <system-err><![CDATA[]]></system-err>
</testsuite>
